Using pre-set license
Built from '2021.3/staging' branch; Version is '2021.3.2f1 (d6360bedb9a0) revision 14038539'; Using compiler version '192829333'; Build Type 'Release'
OS: 'Windows 11  (10.0.22000) 64bit Professional' Language: 'ko' Physical Memory: 16010 MB
BatchMode: 1, IsHumanControllingUs: 0, StartBugReporterOnCrash: 0, Is64bit: 1, IsPro: 1

COMMAND LINE ARGUMENTS:
C:\Program Files\Unity\Hub\Editor\2021.3.2f1\Editor\Unity.exe
-adb2
-batchMode
-noUpm
-name
AssetImportWorker2
-projectPath
C:/Users/user/Desktop/Unity-Class/Game Class
-logFile
Logs/AssetImportWorker2.log
-srvPort
60033
Successfully changed project path to: C:/Users/user/Desktop/Unity-Class/Game Class
C:/Users/user/Desktop/Unity-Class/Game Class
[UnityMemory] Configuration Parameters - Can be set up in boot.config
    "memorysetup-bucket-allocator-granularity=16"
    "memorysetup-bucket-allocator-bucket-count=8"
    "memorysetup-bucket-allocator-block-size=33554432"
    "memorysetup-bucket-allocator-block-count=8"
    "memorysetup-main-allocator-block-size=16777216"
    "memorysetup-thread-allocator-block-size=16777216"
    "memorysetup-gfx-main-allocator-block-size=16777216"
    "memorysetup-gfx-thread-allocator-block-size=16777216"
    "memorysetup-cache-allocator-block-size=4194304"
    "memorysetup-typetree-allocator-block-size=2097152"
    "memorysetup-profiler-bucket-allocator-granularity=16"
    "memorysetup-profiler-bucket-allocator-bucket-count=8"
    "memorysetup-profiler-bucket-allocator-block-size=33554432"
    "memorysetup-profiler-bucket-allocator-block-count=8"
    "memorysetup-profiler-allocator-block-size=16777216"
    "memorysetup-profiler-editor-allocator-block-size=1048576"
    "memorysetup-temp-allocator-size-main=16777216"
    "memorysetup-job-temp-allocator-block-size=2097152"
    "memorysetup-job-temp-allocator-block-size-background=1048576"
    "memorysetup-job-temp-allocator-reduction-small-platforms=262144"
    "memorysetup-temp-allocator-size-background-worker=32768"
    "memorysetup-temp-allocator-size-job-worker=262144"
    "memorysetup-temp-allocator-size-preload-manager=33554432"
    "memorysetup-temp-allocator-size-nav-mesh-worker=65536"
    "memorysetup-temp-allocator-size-audio-worker=65536"
    "memorysetup-temp-allocator-size-cloud-worker=32768"
    "memorysetup-temp-allocator-size-gi-baking-worker=262144"
    "memorysetup-temp-allocator-size-gfx=262144"
Refreshing native plugins compatible for Editor in 217.93 ms, found 3 plugins.
Preloading 0 native plugins for Editor in 0.00 ms.
Initialize engine version: 2021.3.2f1 (d6360bedb9a0)
[Subsystems] Discovering subsystems at path C:/Program Files/Unity/Hub/Editor/2021.3.2f1/Editor/Data/Resources/UnitySubsystems
[Subsystems] Discovering subsystems at path C:/Users/user/Desktop/Unity-Class/Game Class/Assets
GfxDevice: creating device client; threaded=0; jobified=0
Direct3D:
    Version:  Direct3D 11.0 [level 11.1]
    Renderer: Microsoft Basic Render Driver (ID=0x8c)
    Vendor:   Microsoft
    VRAM:     8005 MB
Initialize mono
Mono path[0] = 'C:/Program Files/Unity/Hub/Editor/2021.3.2f1/Editor/Data/Managed'
Mono path[1] = 'C:/Program Files/Unity/Hub/Editor/2021.3.2f1/Editor/Data/MonoBleedingEdge/lib/mono/unityjit-win32'
Mono config path = 'C:/Program Files/Unity/Hub/Editor/2021.3.2f1/Editor/Data/MonoBleedingEdge/etc'
Using monoOptions --debugger-agent=transport=dt_socket,embedding=1,server=y,suspend=n,address=127.0.0.1:56240
Begin MonoManager ReloadAssembly
Registering precompiled unity dll's ...
Register platform support module: C:/Program Files/Unity/Hub/Editor/2021.3.2f1/Editor/Data/PlaybackEngines/WebGLSupport/UnityEditor.WebGL.Extensions.dll
Register platform support module: C:/Program Files/Unity/Hub/Editor/2021.3.2f1/Editor/Data/PlaybackEngines/WindowsStandaloneSupport/UnityEditor.WindowsStandalone.Extensions.dll
Registered in 0.008431 seconds.
Native extension for WindowsStandalone target not found
Native extension for WebGL target not found
Refreshing native plugins compatible for Editor in 161.39 ms, found 3 plugins.
Preloading 0 native plugins for Editor in 0.00 ms.
Mono: successfully reloaded assembly
- Completed reload, in  1.573 seconds
Domain Reload Profiling:
	ReloadAssembly (1575ms)
		BeginReloadAssembly (144ms)
			ExecutionOrderSort (0ms)
			DisableScriptedObjects (0ms)
			BackupInstance (0ms)
			ReleaseScriptingObjects (0ms)
			CreateAndSetChildDomain (2ms)
		EndReloadAssembly (1193ms)
			LoadAssemblies (140ms)
			RebuildTransferFunctionScriptingTraits (0ms)
			SetupTypeCache (223ms)
			ReleaseScriptCaches (0ms)
			RebuildScriptCaches (74ms)
			SetupLoadedEditorAssemblies (780ms)
				LogAssemblyErrors (0ms)
				InitializePlatformSupportModulesInManaged (17ms)
				SetLoadedEditorAssemblies (0ms)
				RefreshPlugins (162ms)
				BeforeProcessingInitializeOnLoad (3ms)
				ProcessInitializeOnLoadAttributes (443ms)
				ProcessInitializeOnLoadMethodAttributes (154ms)
				AfterProcessingInitializeOnLoad (0ms)
				EditorAssembliesLoaded (0ms)
			ExecutionOrderSort2 (0ms)
			AwakeInstancesAfterBackupRestoration (0ms)
Platform modules already initialized, skipping
Registering precompiled user dll's ...
Registered in 0.011792 seconds.
Begin MonoManager ReloadAssembly
Symbol file LoadedFromMemory doesn't match image C:\Users\user\Desktop\Unity-Class\Game Class\Library\PackageCache\com.unity.visualscripting@1.7.6\Editor\VisualScripting.Core\Dependencies\YamlDotNet\Unity.VisualScripting.YamlDotNet.dll
Symbol file LoadedFromMemory doesn't match image C:\Users\user\Desktop\Unity-Class\Game Class\Library\PackageCache\com.unity.visualscripting@1.7.6\Editor\VisualScripting.Core\Dependencies\DotNetZip\Unity.VisualScripting.IonicZip.dll
Native extension for WindowsStandalone target not found
Native extension for WebGL target not found
Refreshing native plugins compatible for Editor in 1.40 ms, found 3 plugins.
Preloading 0 native plugins for Editor in 0.00 ms.
Mono: successfully reloaded assembly
- Completed reload, in  6.532 seconds
Domain Reload Profiling:
	ReloadAssembly (6534ms)
		BeginReloadAssembly (419ms)
			ExecutionOrderSort (0ms)
			DisableScriptedObjects (68ms)
			BackupInstance (0ms)
			ReleaseScriptingObjects (0ms)
			CreateAndSetChildDomain (69ms)
		EndReloadAssembly (5815ms)
			LoadAssemblies (234ms)
			RebuildTransferFunctionScriptingTraits (0ms)
			SetupTypeCache (3276ms)
			ReleaseScriptCaches (1ms)
			RebuildScriptCaches (618ms)
			SetupLoadedEditorAssemblies (1467ms)
				LogAssemblyErrors (0ms)
				InitializePlatformSupportModulesInManaged (18ms)
				SetLoadedEditorAssemblies (1ms)
				RefreshPlugins (2ms)
				BeforeProcessingInitializeOnLoad (194ms)
				ProcessInitializeOnLoadAttributes (1101ms)
				ProcessInitializeOnLoadMethodAttributes (99ms)
				AfterProcessingInitializeOnLoad (50ms)
				EditorAssembliesLoaded (1ms)
			ExecutionOrderSort2 (0ms)
			AwakeInstancesAfterBackupRestoration (13ms)
Platform modules already initialized, skipping
========================================================================
Worker process is ready to serve import requests
Launched and connected shader compiler UnityShaderCompiler.exe after 0.12 seconds
Refreshing native plugins compatible for Editor in 1.37 ms, found 3 plugins.
Preloading 0 native plugins for Editor in 0.00 ms.
Unloading 3584 Unused Serialized files (Serialized files now loaded: 0)
Unloading 39 unused Assets / (158.9 KB). Loaded Objects now: 4067.
Memory consumption went from 140.6 MB to 140.4 MB.
Total: 11.765700 ms (FindLiveObjects: 0.623700 ms CreateObjectMapping: 0.275400 ms MarkObjects: 10.610800 ms  DeleteObjects: 0.252700 ms)

AssetImportParameters requested are different than current active one (requested -> active):
  custom:video-decoder-ogg-theora: a1e56fd34408186e4bbccfd4996cb3dc -> 
  custom:container-muxer-webm: aa71ff27fc2769a1b78a27578f13a17b -> 
  custom:container-demuxer-webm: 4f35f7cbe854078d1ac9338744f61a02 -> 
  custom:video-encoder-webm-vp8: eb34c28f22e8b96e1ab97ce403110664 -> 
  custom:audio-encoder-webm-vorbis: bf7c407c2cedff20999df2af8eb42d56 -> 
  custom:framework-win-MediaFoundation: 216162199b28c13a410421893ffa2e32 -> 
  custom:container-demuxer-ogg: 62fdf1f143b41e24485cea50d1cbac27 -> 
  custom:video-decoder-webm-vp8: 9c59270c3fd7afecdb556c50c9e8de78 -> 
  custom:audio-decoder-ogg-vorbis: bf7c407c2cedff20999df2af8eb42d56 -> 
========================================================================
Received Import Request.
  Time since last request: 596646.362985 seconds.
  path: Assets/Samples/Cinemachine/2.8.6/Cinemachine Example Scenes/Shared/Textures/GridBox_Default.png
  artifactKey: Guid(9470468fda72f4773a90a0306decbf0f) Importer(815301076,1909f56bfc062723c751e8b465ee728b)
Start importing Assets/Samples/Cinemachine/2.8.6/Cinemachine Example Scenes/Shared/Textures/GridBox_Default.png using Guid(9470468fda72f4773a90a0306decbf0f) Importer(815301076,1909f56bfc062723c751e8b465ee728b)  -> (artifact id: 'de0f4a8af4e0bcc4ed796eb4ea88b73d') in 0.646876 seconds 
========================================================================
Received Import Request.
  Time since last request: 120.278211 seconds.
  path: Assets/Samples/Cinemachine/2.8.6/Cinemachine Example Scenes/Shared/Textures/GridBox_blue.png
  artifactKey: Guid(f63eea91ff30e6d48800caa1ebc457ef) Importer(815301076,1909f56bfc062723c751e8b465ee728b)
Start importing Assets/Samples/Cinemachine/2.8.6/Cinemachine Example Scenes/Shared/Textures/GridBox_blue.png using Guid(f63eea91ff30e6d48800caa1ebc457ef) Importer(815301076,1909f56bfc062723c751e8b465ee728b)  -> (artifact id: '8d5f66322b1f5dfdbccf3b70ee9e1469') in 0.161751 seconds 
========================================================================
Received Import Request.
  Time since last request: 0.462741 seconds.
  path: Assets/Samples/Cinemachine/2.8.6/Cinemachine Example Scenes/Shared/Textures/GridBox_Trigger.png
  artifactKey: Guid(a14ac3ec63e90e7419f00be590aed374) Importer(815301076,1909f56bfc062723c751e8b465ee728b)
Start importing Assets/Samples/Cinemachine/2.8.6/Cinemachine Example Scenes/Shared/Textures/GridBox_Trigger.png using Guid(a14ac3ec63e90e7419f00be590aed374) Importer(815301076,1909f56bfc062723c751e8b465ee728b)  -> (artifact id: 'bc77c71d28fa54f9f12bc7c648d33c9f') in 0.176363 seconds 
========================================================================
Received Import Request.
  Time since last request: 0.456553 seconds.
  path: Assets/Samples/Cinemachine/2.8.6/Cinemachine Example Scenes/Scenes/Anywhere Door/Lightmap-0_comp_dir.png
  artifactKey: Guid(49f39d631ef86416c9eef8f45c543517) Importer(815301076,1909f56bfc062723c751e8b465ee728b)
Start importing Assets/Samples/Cinemachine/2.8.6/Cinemachine Example Scenes/Scenes/Anywhere Door/Lightmap-0_comp_dir.png using Guid(49f39d631ef86416c9eef8f45c543517) Importer(815301076,1909f56bfc062723c751e8b465ee728b)  -> (artifact id: '497400b59a982fcc6f272337d9bed4f6') in 0.204170 seconds 
========================================================================
Received Import Request.
  Time since last request: 88.122305 seconds.
  path: Assets/Samples/Cinemachine/2.8.6/Cinemachine Example Scenes/Shared/Prefabs/Corridors_1_2.prefab
  artifactKey: Guid(dceeb5c475cd2fb4db1d3436877a7f81) Importer(815301076,1909f56bfc062723c751e8b465ee728b)
Start importing Assets/Samples/Cinemachine/2.8.6/Cinemachine Example Scenes/Shared/Prefabs/Corridors_1_2.prefab using Guid(dceeb5c475cd2fb4db1d3436877a7f81) Importer(815301076,1909f56bfc062723c751e8b465ee728b)  -> (artifact id: '8fccb1760c5b26b0dc67039c6597761d') in 0.412266 seconds 
========================================================================
Received Import Request.
  Time since last request: 0.593882 seconds.
  path: Assets/Samples/Cinemachine/2.8.6/Cinemachine Example Scenes/Shared/Prefabs/Environment_2D.prefab
  artifactKey: Guid(50d4e9899bac3164ea7e01493f0b5124) Importer(815301076,1909f56bfc062723c751e8b465ee728b)
Start importing Assets/Samples/Cinemachine/2.8.6/Cinemachine Example Scenes/Shared/Prefabs/Environment_2D.prefab using Guid(50d4e9899bac3164ea7e01493f0b5124) Importer(815301076,1909f56bfc062723c751e8b465ee728b)  -> (artifact id: '7859edd3c48a527416edc5247d56e180') in 0.046286 seconds 
========================================================================
Received Import Request.
  Time since last request: 1.336997 seconds.
  path: Assets/Samples/Cinemachine/2.8.6/Cinemachine Example Scenes/Shared/Prefabs/Environment_Corridor.prefab
  artifactKey: Guid(c177cbc5ca174ed438dba27b2b52e70c) Importer(815301076,1909f56bfc062723c751e8b465ee728b)
Start importing Assets/Samples/Cinemachine/2.8.6/Cinemachine Example Scenes/Shared/Prefabs/Environment_Corridor.prefab using Guid(c177cbc5ca174ed438dba27b2b52e70c) Importer(815301076,1909f56bfc062723c751e8b465ee728b)  -> (artifact id: 'ef3e6a8323140c4e2135a3943034a4f8') in 0.042056 seconds 
========================================================================
Received Import Request.
  Time since last request: 0.417155 seconds.
  path: Assets/Samples/Cinemachine/2.8.6/Cinemachine Example Scenes/Shared/Prefabs/Environment_Narrow_Walls.prefab
  artifactKey: Guid(0998cc0e377e9034c86e90787a3070b0) Importer(815301076,1909f56bfc062723c751e8b465ee728b)
Start importing Assets/Samples/Cinemachine/2.8.6/Cinemachine Example Scenes/Shared/Prefabs/Environment_Narrow_Walls.prefab using Guid(0998cc0e377e9034c86e90787a3070b0) Importer(815301076,1909f56bfc062723c751e8b465ee728b)  -> (artifact id: '6ddec7a208fb746eb93b0cd78fb70310') in 0.053266 seconds 
========================================================================
Received Import Request.
  Time since last request: 0.224872 seconds.
  path: Assets/Samples/Cinemachine/2.8.6/Cinemachine Example Scenes/Shared/Prefabs/FBX/ProB_Floor_1Wall_10x10.fbx
  artifactKey: Guid(f4737444c0dcc1a42804e080a539da5f) Importer(815301076,1909f56bfc062723c751e8b465ee728b)
Start importing Assets/Samples/Cinemachine/2.8.6/Cinemachine Example Scenes/Shared/Prefabs/FBX/ProB_Floor_1Wall_10x10.fbx using Guid(f4737444c0dcc1a42804e080a539da5f) Importer(815301076,1909f56bfc062723c751e8b465ee728b)  -> (artifact id: '3c877bb3c063f304277700ad109e5da6') in 0.218907 seconds 
========================================================================
Received Import Request.
  Time since last request: 0.000065 seconds.
  path: Assets/Samples/Cinemachine/2.8.6/Cinemachine Example Scenes/Shared/Prefabs/FBX/ProB_Floor_10x4.fbx
  artifactKey: Guid(52ec9a50889c9784f920590c3e0d8c68) Importer(815301076,1909f56bfc062723c751e8b465ee728b)
Start importing Assets/Samples/Cinemachine/2.8.6/Cinemachine Example Scenes/Shared/Prefabs/FBX/ProB_Floor_10x4.fbx using Guid(52ec9a50889c9784f920590c3e0d8c68) Importer(815301076,1909f56bfc062723c751e8b465ee728b)  -> (artifact id: '8bf5e607144cd1d9d59794c3cf376d9d') in 0.188021 seconds 
========================================================================
Received Import Request.
  Time since last request: 0.236676 seconds.
  path: Assets/Samples/Cinemachine/2.8.6/Cinemachine Example Scenes/Shared/Prefabs/FBX/ProB_Floor_10x10.fbx
  artifactKey: Guid(47d4df8e0a6e85a4c8448ec117ba07df) Importer(815301076,1909f56bfc062723c751e8b465ee728b)
Start importing Assets/Samples/Cinemachine/2.8.6/Cinemachine Example Scenes/Shared/Prefabs/FBX/ProB_Floor_10x10.fbx using Guid(47d4df8e0a6e85a4c8448ec117ba07df) Importer(815301076,1909f56bfc062723c751e8b465ee728b)  -> (artifact id: '1c22a54a3cdeef3a911ab56d7b8181b6') in 0.058613 seconds 
========================================================================
Received Import Request.
  Time since last request: 0.000045 seconds.
  path: Assets/Samples/Cinemachine/2.8.6/Cinemachine Example Scenes/Shared/Prefabs/FBX/ProB_Floor_LWall_10x10.fbx
  artifactKey: Guid(b6e2207db377b584bb472dd15da85dd3) Importer(815301076,1909f56bfc062723c751e8b465ee728b)
Start importing Assets/Samples/Cinemachine/2.8.6/Cinemachine Example Scenes/Shared/Prefabs/FBX/ProB_Floor_LWall_10x10.fbx using Guid(b6e2207db377b584bb472dd15da85dd3) Importer(815301076,1909f56bfc062723c751e8b465ee728b)  -> (artifact id: '5a1815484a6216233b3472bce102c392') in 0.165431 seconds 
========================================================================
Received Import Request.
  Time since last request: 0.222065 seconds.
  path: Assets/Samples/Cinemachine/2.8.6/Cinemachine Example Scenes/Shared/Prefabs/FBX/ProB_Wall_10x4.fbx
  artifactKey: Guid(8801006d6478aea478f9320df4476f30) Importer(815301076,1909f56bfc062723c751e8b465ee728b)
Start importing Assets/Samples/Cinemachine/2.8.6/Cinemachine Example Scenes/Shared/Prefabs/FBX/ProB_Wall_10x4.fbx using Guid(8801006d6478aea478f9320df4476f30) Importer(815301076,1909f56bfc062723c751e8b465ee728b)  -> (artifact id: 'b52f06f5bbe22d8d30f6b2ab100f0a80') in 0.193738 seconds 
========================================================================
Received Import Request.
  Time since last request: 0.228533 seconds.
  path: Assets/Samples/Cinemachine/2.8.6/Cinemachine Example Scenes/Shared/Prefabs/Stage1.prefab
  artifactKey: Guid(b6a68029251c6c54ea270e3724819861) Importer(815301076,1909f56bfc062723c751e8b465ee728b)
Start importing Assets/Samples/Cinemachine/2.8.6/Cinemachine Example Scenes/Shared/Prefabs/Stage1.prefab using Guid(b6a68029251c6c54ea270e3724819861) Importer(815301076,1909f56bfc062723c751e8b465ee728b)  -> (artifact id: '6416104a82ddb4c10b0caa795abbc20c') in 0.077642 seconds 
========================================================================
Received Import Request.
  Time since last request: 0.344257 seconds.
  path: Assets/Samples/Cinemachine/2.8.6/Cinemachine Example Scenes/Scenes/Trigger volumes/Trigger cube.prefab
  artifactKey: Guid(eb2690c0771f68c48823fc4a7816d734) Importer(815301076,1909f56bfc062723c751e8b465ee728b)
Start importing Assets/Samples/Cinemachine/2.8.6/Cinemachine Example Scenes/Scenes/Trigger volumes/Trigger cube.prefab using Guid(eb2690c0771f68c48823fc4a7816d734) Importer(815301076,1909f56bfc062723c751e8b465ee728b)  -> (artifact id: 'da48c704572edb107b72966d1be1c008') in 0.046171 seconds 
========================================================================
Received Import Request.
  Time since last request: 1694.871813 seconds.
  path: Assets/New Terrain.asset
  artifactKey: Guid(369470532cc68744ebac6d28bfd8b695) Importer(815301076,1909f56bfc062723c751e8b465ee728b)
Start importing Assets/New Terrain.asset using Guid(369470532cc68744ebac6d28bfd8b695) Importer(815301076,1909f56bfc062723c751e8b465ee728b)  -> (artifact id: 'd0198ad4e2d7028f72494cac072db4df') in 0.054917 seconds 
========================================================================
Received Import Request.
  Time since last request: 23.695220 seconds.
  path: Assets/Tree.prefab
  artifactKey: Guid(42b9b8cb5dad25e449ec2e6bff9141f0) Importer(815301076,1909f56bfc062723c751e8b465ee728b)
Start importing Assets/Tree.prefab using Guid(42b9b8cb5dad25e449ec2e6bff9141f0) Importer(815301076,1909f56bfc062723c751e8b465ee728b)  -> (artifact id: '104816782ad9a8a8b7baa60e18be38ea') in 0.716846 seconds 
========================================================================
Received Import Request.
  Time since last request: 74.538747 seconds.
  path: Assets/Tree.prefab
  artifactKey: Guid(42b9b8cb5dad25e449ec2e6bff9141f0) Importer(815301076,1909f56bfc062723c751e8b465ee728b)
Start importing Assets/Tree.prefab using Guid(42b9b8cb5dad25e449ec2e6bff9141f0) Importer(815301076,1909f56bfc062723c751e8b465ee728b)  -> (artifact id: 'f04cd5a9f08a2833624485e34ab1d3f2') in 0.151309 seconds 
========================================================================
Received Import Request.
  Time since last request: 18.014016 seconds.
  path: Assets/Tree.prefab
  artifactKey: Guid(42b9b8cb5dad25e449ec2e6bff9141f0) Importer(815301076,1909f56bfc062723c751e8b465ee728b)
Start importing Assets/Tree.prefab using Guid(42b9b8cb5dad25e449ec2e6bff9141f0) Importer(815301076,1909f56bfc062723c751e8b465ee728b)  -> (artifact id: 'e8a7ab3dd402cb7c276c34ef98c6503c') in 0.088746 seconds 
========================================================================
Received Import Request.
  Time since last request: 13.871099 seconds.
  path: Assets/Tree.prefab
  artifactKey: Guid(42b9b8cb5dad25e449ec2e6bff9141f0) Importer(815301076,1909f56bfc062723c751e8b465ee728b)
Start importing Assets/Tree.prefab using Guid(42b9b8cb5dad25e449ec2e6bff9141f0) Importer(815301076,1909f56bfc062723c751e8b465ee728b)  -> (artifact id: '574140b5c908728323bc70dc7a4822dd') in 0.118592 seconds 
========================================================================
Received Import Request.
  Time since last request: 54.658509 seconds.
  path: Assets/Tree.prefab
  artifactKey: Guid(42b9b8cb5dad25e449ec2e6bff9141f0) Importer(815301076,1909f56bfc062723c751e8b465ee728b)
Start importing Assets/Tree.prefab using Guid(42b9b8cb5dad25e449ec2e6bff9141f0) Importer(815301076,1909f56bfc062723c751e8b465ee728b)  -> (artifact id: '2f2f8381d9817a60c852341feae0e28b') in 0.294511 seconds 
========================================================================
Received Import Request.
  Time since last request: 37.947544 seconds.
  path: Assets/New Terrain.asset
  artifactKey: Guid(369470532cc68744ebac6d28bfd8b695) Importer(815301076,1909f56bfc062723c751e8b465ee728b)
Start importing Assets/New Terrain.asset using Guid(369470532cc68744ebac6d28bfd8b695) Importer(815301076,1909f56bfc062723c751e8b465ee728b)  -> (artifact id: '8eb5b51b4fcac44a8802692f2dd6e3e4') in 0.057769 seconds 
========================================================================
Received Import Request.
  Time since last request: 0.000055 seconds.
  path: Assets/Tree.prefab
  artifactKey: Guid(42b9b8cb5dad25e449ec2e6bff9141f0) Importer(815301076,1909f56bfc062723c751e8b465ee728b)
Start importing Assets/Tree.prefab using Guid(42b9b8cb5dad25e449ec2e6bff9141f0) Importer(815301076,1909f56bfc062723c751e8b465ee728b)  -> (artifact id: 'c2763ca80f2167309fbafb6a4e4ebcb4') in 0.270500 seconds 
========================================================================
Received Import Request.
  Time since last request: 9.753952 seconds.
  path: Assets/Tree 1.prefab
  artifactKey: Guid(d097d4cb4c06a944f917c10e91257608) Importer(815301076,1909f56bfc062723c751e8b465ee728b)
Start importing Assets/Tree 1.prefab using Guid(d097d4cb4c06a944f917c10e91257608) Importer(815301076,1909f56bfc062723c751e8b465ee728b)  -> (artifact id: '3c144402bc3fd36ad0e71dfced55b346') in 0.211176 seconds 
========================================================================
Received Import Request.
  Time since last request: 101.337612 seconds.
  path: Assets/PBR Ground Free/Textures/NewLayer 1.terrainlayer
  artifactKey: Guid(f533f16ba7da118468662fc5af641b90) Importer(815301076,1909f56bfc062723c751e8b465ee728b)
Start importing Assets/PBR Ground Free/Textures/NewLayer 1.terrainlayer using Guid(f533f16ba7da118468662fc5af641b90) Importer(815301076,1909f56bfc062723c751e8b465ee728b)  -> (artifact id: 'a69756df24b0d40c1f66a913db52deae') in 0.065313 seconds 
========================================================================
Received Import Request.
  Time since last request: 309.473713 seconds.
  path: Assets/New Terrain.asset
  artifactKey: Guid(369470532cc68744ebac6d28bfd8b695) Importer(815301076,1909f56bfc062723c751e8b465ee728b)
Start importing Assets/New Terrain.asset using Guid(369470532cc68744ebac6d28bfd8b695) Importer(815301076,1909f56bfc062723c751e8b465ee728b)  -> (artifact id: '97268fad2036f590f718b0d03ace7097') in 0.019828 seconds 
========================================================================
Received Import Request.
  Time since last request: 243.352007 seconds.
  path: Assets/Tree 1_Textures/diffuse.png
  artifactKey: Guid(c644e07e8e3ad9b4883b859dcc80e53a) Importer(815301076,1909f56bfc062723c751e8b465ee728b)
Start importing Assets/Tree 1_Textures/diffuse.png using Guid(c644e07e8e3ad9b4883b859dcc80e53a) Importer(815301076,1909f56bfc062723c751e8b465ee728b)  -> (artifact id: '36a34406199a3e594d443eb6d90cb962') in 0.125482 seconds 
========================================================================
Received Import Request.
  Time since last request: 121.088478 seconds.
  path: Assets/Tree.prefab
  artifactKey: Guid(42b9b8cb5dad25e449ec2e6bff9141f0) Importer(815301076,1909f56bfc062723c751e8b465ee728b)
Start importing Assets/Tree.prefab using Guid(42b9b8cb5dad25e449ec2e6bff9141f0) Importer(815301076,1909f56bfc062723c751e8b465ee728b)  -> (artifact id: '583c6f55bc3e71bf10c107b990b37c6e') in 0.314270 seconds 
========================================================================
Received Import Request.
  Time since last request: 110.730553 seconds.
  path: Assets/Planets of the Solar System 3D/Textures/Planets/Materials/Asteroids.mat
  artifactKey: Guid(126675033aa5eff40a4997b8b89b0c58) Importer(815301076,1909f56bfc062723c751e8b465ee728b)
Start importing Assets/Planets of the Solar System 3D/Textures/Planets/Materials/Asteroids.mat using Guid(126675033aa5eff40a4997b8b89b0c58) Importer(815301076,1909f56bfc062723c751e8b465ee728b)  -> (artifact id: '061ea8b20b415133f398d4043c664753') in 0.414229 seconds 
========================================================================
Received Import Request.
  Time since last request: 0.825354 seconds.
  path: Assets/Planets of the Solar System 3D/Textures/Planets/Materials/Jupiter_2k.mat
  artifactKey: Guid(5cf9b07774337f4478ef00e78a507209) Importer(815301076,1909f56bfc062723c751e8b465ee728b)
Start importing Assets/Planets of the Solar System 3D/Textures/Planets/Materials/Jupiter_2k.mat using Guid(5cf9b07774337f4478ef00e78a507209) Importer(815301076,1909f56bfc062723c751e8b465ee728b)  -> (artifact id: '367cb624ec1070a7f24fd1b9f157e359') in 0.358101 seconds 
========================================================================
Received Import Request.
  Time since last request: 2.764430 seconds.
  path: Assets/Tree.prefab
  artifactKey: Guid(42b9b8cb5dad25e449ec2e6bff9141f0) Importer(815301076,1909f56bfc062723c751e8b465ee728b)
Start importing Assets/Tree.prefab using Guid(42b9b8cb5dad25e449ec2e6bff9141f0) Importer(815301076,1909f56bfc062723c751e8b465ee728b)  -> (artifact id: '249dc33afd1906fd4efe1ab83bb7acb2') in 0.090222 seconds 
========================================================================
Received Import Request.
  Time since last request: 38.351870 seconds.
  path: Assets/Tree.prefab
  artifactKey: Guid(42b9b8cb5dad25e449ec2e6bff9141f0) Importer(815301076,1909f56bfc062723c751e8b465ee728b)
Start importing Assets/Tree.prefab using Guid(42b9b8cb5dad25e449ec2e6bff9141f0) Importer(815301076,1909f56bfc062723c751e8b465ee728b)  -> (artifact id: 'c499ccc122973ee3af83a41bd9722746') in 0.134129 seconds 
========================================================================
Received Import Request.
  Time since last request: 10.554031 seconds.
  path: Assets/Tree.prefab
  artifactKey: Guid(42b9b8cb5dad25e449ec2e6bff9141f0) Importer(815301076,1909f56bfc062723c751e8b465ee728b)
Start importing Assets/Tree.prefab using Guid(42b9b8cb5dad25e449ec2e6bff9141f0) Importer(815301076,1909f56bfc062723c751e8b465ee728b)  -> (artifact id: '96aab220a2ed52f85e7fae305ad70177') in 0.088342 seconds 
========================================================================
Received Import Request.
  Time since last request: 9.787713 seconds.
  path: Assets/Tree.prefab
  artifactKey: Guid(42b9b8cb5dad25e449ec2e6bff9141f0) Importer(815301076,1909f56bfc062723c751e8b465ee728b)
Start importing Assets/Tree.prefab using Guid(42b9b8cb5dad25e449ec2e6bff9141f0) Importer(815301076,1909f56bfc062723c751e8b465ee728b)  -> (artifact id: '3820a29e33517c6adcb20d702a96fd8f') in 0.087202 seconds 
========================================================================
Received Import Request.
  Time since last request: 13.436645 seconds.
  path: Assets/Tree.prefab
  artifactKey: Guid(42b9b8cb5dad25e449ec2e6bff9141f0) Importer(815301076,1909f56bfc062723c751e8b465ee728b)
Start importing Assets/Tree.prefab using Guid(42b9b8cb5dad25e449ec2e6bff9141f0) Importer(815301076,1909f56bfc062723c751e8b465ee728b)  -> (artifact id: '0a51e0fb79c6d09664bb1e7904042541') in 0.097642 seconds 
========================================================================
Received Import Request.
  Time since last request: 29.175330 seconds.
  path: Assets/New Terrain.asset
  artifactKey: Guid(369470532cc68744ebac6d28bfd8b695) Importer(815301076,1909f56bfc062723c751e8b465ee728b)
Start importing Assets/New Terrain.asset using Guid(369470532cc68744ebac6d28bfd8b695) Importer(815301076,1909f56bfc062723c751e8b465ee728b)  -> (artifact id: '111bf1981906b8d1fd676ecbfc7323c5') in 0.051991 seconds 
========================================================================
Received Import Request.
  Time since last request: 0.010023 seconds.
  path: Assets/NewLayer.terrainlayer
  artifactKey: Guid(6b58f68e98095b84e89622d05d6c35a2) Importer(815301076,1909f56bfc062723c751e8b465ee728b)
Start importing Assets/NewLayer.terrainlayer using Guid(6b58f68e98095b84e89622d05d6c35a2) Importer(815301076,1909f56bfc062723c751e8b465ee728b)  -> (artifact id: '200412e9267f0ba64ccacd2a48441de6') in 0.087614 seconds 
========================================================================
Received Import Request.
  Time since last request: 19.251988 seconds.
  path: Assets/New Terrain.asset
  artifactKey: Guid(369470532cc68744ebac6d28bfd8b695) Importer(815301076,1909f56bfc062723c751e8b465ee728b)
Start importing Assets/New Terrain.asset using Guid(369470532cc68744ebac6d28bfd8b695) Importer(815301076,1909f56bfc062723c751e8b465ee728b)  -> (artifact id: 'c3eebf0e8c8e20a232f7e29aea95e914') in 0.048819 seconds 
========================================================================
Received Import Request.
  Time since last request: 10.878686 seconds.
  path: Assets/Class/Algorithm/Script/Problem.cs
  artifactKey: Guid(58dd31eb21b35504aa5626b5d76f2974) Importer(815301076,1909f56bfc062723c751e8b465ee728b)
Start importing Assets/Class/Algorithm/Script/Problem.cs using Guid(58dd31eb21b35504aa5626b5d76f2974) Importer(815301076,1909f56bfc062723c751e8b465ee728b)  -> (artifact id: '37491bbc2f16ecc251fc7efee5bf6557') in 0.087199 seconds 
========================================================================
Received Import Request.
  Time since last request: 1042.653232 seconds.
  path: Assets/Class/Algorithm/Script/Problem.cs
  artifactKey: Guid(58dd31eb21b35504aa5626b5d76f2974) Importer(815301076,1909f56bfc062723c751e8b465ee728b)
Start importing Assets/Class/Algorithm/Script/Problem.cs using Guid(58dd31eb21b35504aa5626b5d76f2974) Importer(815301076,1909f56bfc062723c751e8b465ee728b)  -> (artifact id: '625892fe7a69807196923bd91e067756') in 0.012609 seconds 
========================================================================
Received Prepare
Registering precompiled user dll's ...
Registered in 0.010098 seconds.
Begin MonoManager ReloadAssembly
Symbol file LoadedFromMemory doesn't match image C:\Users\user\Desktop\Unity-Class\Game Class\Library\PackageCache\com.unity.visualscripting@1.7.6\Editor\VisualScripting.Core\Dependencies\YamlDotNet\Unity.VisualScripting.YamlDotNet.dll
Symbol file LoadedFromMemory doesn't match image C:\Users\user\Desktop\Unity-Class\Game Class\Library\PackageCache\com.unity.visualscripting@1.7.6\Editor\VisualScripting.Core\Dependencies\DotNetZip\Unity.VisualScripting.IonicZip.dll
Native extension for WindowsStandalone target not found
Native extension for WebGL target not found
Refreshing native plugins compatible for Editor in 0.76 ms, found 3 plugins.
Preloading 0 native plugins for Editor in 0.00 ms.
Mono: successfully reloaded assembly
- Completed reload, in  1.602 seconds
Domain Reload Profiling:
	ReloadAssembly (1604ms)
		BeginReloadAssembly (394ms)
			ExecutionOrderSort (0ms)
			DisableScriptedObjects (14ms)
			BackupInstance (0ms)
			ReleaseScriptingObjects (0ms)
			CreateAndSetChildDomain (181ms)
		EndReloadAssembly (1070ms)
			LoadAssemblies (135ms)
			RebuildTransferFunctionScriptingTraits (0ms)
			SetupTypeCache (375ms)
			ReleaseScriptCaches (2ms)
			RebuildScriptCaches (63ms)
			SetupLoadedEditorAssemblies (471ms)
				LogAssemblyErrors (0ms)
				InitializePlatformSupportModulesInManaged (28ms)
				SetLoadedEditorAssemblies (1ms)
				RefreshPlugins (1ms)
				BeforeProcessingInitializeOnLoad (83ms)
				ProcessInitializeOnLoadAttributes (312ms)
				ProcessInitializeOnLoadMethodAttributes (40ms)
				AfterProcessingInitializeOnLoad (6ms)
				EditorAssembliesLoaded (0ms)
			ExecutionOrderSort2 (0ms)
			AwakeInstancesAfterBackupRestoration (8ms)
Platform modules already initialized, skipping
Refreshing native plugins compatible for Editor in 5.57 ms, found 3 plugins.
Preloading 0 native plugins for Editor in 0.00 ms.
Unloading 3564 Unused Serialized files (Serialized files now loaded: 0)
Unloading 21 unused Assets / (152.8 KB). Loaded Objects now: 4136.
Memory consumption went from 145.0 MB to 144.9 MB.
Total: 4.937500 ms (FindLiveObjects: 0.379600 ms CreateObjectMapping: 0.229900 ms MarkObjects: 4.147200 ms  DeleteObjects: 0.178100 ms)

AssetImportParameters requested are different than current active one (requested -> active):
  custom:video-decoder-ogg-theora: a1e56fd34408186e4bbccfd4996cb3dc -> 
  custom:container-muxer-webm: aa71ff27fc2769a1b78a27578f13a17b -> 
  custom:container-demuxer-webm: 4f35f7cbe854078d1ac9338744f61a02 -> 
  custom:video-encoder-webm-vp8: eb34c28f22e8b96e1ab97ce403110664 -> 
  custom:audio-encoder-webm-vorbis: bf7c407c2cedff20999df2af8eb42d56 -> 
  custom:framework-win-MediaFoundation: 216162199b28c13a410421893ffa2e32 -> 
  custom:container-demuxer-ogg: 62fdf1f143b41e24485cea50d1cbac27 -> 
  custom:video-decoder-webm-vp8: 9c59270c3fd7afecdb556c50c9e8de78 -> 
  custom:audio-decoder-ogg-vorbis: bf7c407c2cedff20999df2af8eb42d56 -> 
========================================================================
Received Prepare
Registering precompiled user dll's ...
Registered in 0.008008 seconds.
Begin MonoManager ReloadAssembly
Symbol file LoadedFromMemory doesn't match image C:\Users\user\Desktop\Unity-Class\Game Class\Library\PackageCache\com.unity.visualscripting@1.7.6\Editor\VisualScripting.Core\Dependencies\YamlDotNet\Unity.VisualScripting.YamlDotNet.dll
Symbol file LoadedFromMemory doesn't match image C:\Users\user\Desktop\Unity-Class\Game Class\Library\PackageCache\com.unity.visualscripting@1.7.6\Editor\VisualScripting.Core\Dependencies\DotNetZip\Unity.VisualScripting.IonicZip.dll
Native extension for WindowsStandalone target not found
Native extension for WebGL target not found
Refreshing native plugins compatible for Editor in 1.10 ms, found 3 plugins.
Preloading 0 native plugins for Editor in 0.00 ms.
Mono: successfully reloaded assembly
- Completed reload, in  4.725 seconds
Domain Reload Profiling:
	ReloadAssembly (4729ms)
		BeginReloadAssembly (226ms)
			ExecutionOrderSort (0ms)
			DisableScriptedObjects (9ms)
			BackupInstance (0ms)
			ReleaseScriptingObjects (0ms)
			CreateAndSetChildDomain (74ms)
		EndReloadAssembly (4337ms)
			LoadAssemblies (128ms)
			RebuildTransferFunctionScriptingTraits (0ms)
			SetupTypeCache (523ms)
			ReleaseScriptCaches (6ms)
			RebuildScriptCaches (311ms)
			SetupLoadedEditorAssemblies (2764ms)
				LogAssemblyErrors (0ms)
				InitializePlatformSupportModulesInManaged (94ms)
				SetLoadedEditorAssemblies (1ms)
				RefreshPlugins (1ms)
				BeforeProcessingInitializeOnLoad (394ms)
				ProcessInitializeOnLoadAttributes (2109ms)
				ProcessInitializeOnLoadMethodAttributes (151ms)
				AfterProcessingInitializeOnLoad (14ms)
				EditorAssembliesLoaded (0ms)
			ExecutionOrderSort2 (0ms)
			AwakeInstancesAfterBackupRestoration (26ms)
Platform modules already initialized, skipping
Refreshing native plugins compatible for Editor in 7.05 ms, found 3 plugins.
Preloading 0 native plugins for Editor in 0.00 ms.
Unloading 3564 Unused Serialized files (Serialized files now loaded: 0)
Unloading 21 unused Assets / (152.9 KB). Loaded Objects now: 4151.
Memory consumption went from 145.0 MB to 144.9 MB.
Total: 16.901500 ms (FindLiveObjects: 0.448300 ms CreateObjectMapping: 0.193000 ms MarkObjects: 16.089900 ms  DeleteObjects: 0.168100 ms)

AssetImportParameters requested are different than current active one (requested -> active):
  custom:video-decoder-ogg-theora: a1e56fd34408186e4bbccfd4996cb3dc -> 
  custom:container-muxer-webm: aa71ff27fc2769a1b78a27578f13a17b -> 
  custom:container-demuxer-webm: 4f35f7cbe854078d1ac9338744f61a02 -> 
  custom:video-encoder-webm-vp8: eb34c28f22e8b96e1ab97ce403110664 -> 
  custom:audio-encoder-webm-vorbis: bf7c407c2cedff20999df2af8eb42d56 -> 
  custom:framework-win-MediaFoundation: 216162199b28c13a410421893ffa2e32 -> 
  custom:container-demuxer-ogg: 62fdf1f143b41e24485cea50d1cbac27 -> 
  custom:video-decoder-webm-vp8: 9c59270c3fd7afecdb556c50c9e8de78 -> 
  custom:audio-decoder-ogg-vorbis: bf7c407c2cedff20999df2af8eb42d56 -> 
========================================================================
Received Prepare
Registering precompiled user dll's ...
Registered in 0.006770 seconds.
Begin MonoManager ReloadAssembly
Symbol file LoadedFromMemory doesn't match image C:\Users\user\Desktop\Unity-Class\Game Class\Library\PackageCache\com.unity.visualscripting@1.7.6\Editor\VisualScripting.Core\Dependencies\YamlDotNet\Unity.VisualScripting.YamlDotNet.dll
Symbol file LoadedFromMemory doesn't match image C:\Users\user\Desktop\Unity-Class\Game Class\Library\PackageCache\com.unity.visualscripting@1.7.6\Editor\VisualScripting.Core\Dependencies\DotNetZip\Unity.VisualScripting.IonicZip.dll
Native extension for WindowsStandalone target not found
Native extension for WebGL target not found
Refreshing native plugins compatible for Editor in 1.29 ms, found 3 plugins.
Preloading 0 native plugins for Editor in 0.00 ms.
Mono: successfully reloaded assembly
- Completed reload, in  4.456 seconds
Domain Reload Profiling:
	ReloadAssembly (4465ms)
		BeginReloadAssembly (216ms)
			ExecutionOrderSort (0ms)
			DisableScriptedObjects (6ms)
			BackupInstance (0ms)
			ReleaseScriptingObjects (0ms)
			CreateAndSetChildDomain (58ms)
		EndReloadAssembly (4087ms)
			LoadAssemblies (141ms)
			RebuildTransferFunctionScriptingTraits (0ms)
			SetupTypeCache (835ms)
			ReleaseScriptCaches (4ms)
			RebuildScriptCaches (320ms)
			SetupLoadedEditorAssemblies (2261ms)
				LogAssemblyErrors (0ms)
				InitializePlatformSupportModulesInManaged (71ms)
				SetLoadedEditorAssemblies (11ms)
				RefreshPlugins (2ms)
				BeforeProcessingInitializeOnLoad (337ms)
				ProcessInitializeOnLoadAttributes (1679ms)
				ProcessInitializeOnLoadMethodAttributes (121ms)
				AfterProcessingInitializeOnLoad (39ms)
				EditorAssembliesLoaded (0ms)
			ExecutionOrderSort2 (0ms)
			AwakeInstancesAfterBackupRestoration (15ms)
Platform modules already initialized, skipping
Refreshing native plugins compatible for Editor in 13.01 ms, found 3 plugins.
Preloading 0 native plugins for Editor in 0.00 ms.
Unloading 3564 Unused Serialized files (Serialized files now loaded: 0)
Unloading 21 unused Assets / (153.0 KB). Loaded Objects now: 4166.
Memory consumption went from 145.1 MB to 144.9 MB.
Total: 7.101800 ms (FindLiveObjects: 0.385700 ms CreateObjectMapping: 0.244400 ms MarkObjects: 6.254500 ms  DeleteObjects: 0.214600 ms)

AssetImportParameters requested are different than current active one (requested -> active):
  custom:video-decoder-ogg-theora: a1e56fd34408186e4bbccfd4996cb3dc -> 
  custom:container-muxer-webm: aa71ff27fc2769a1b78a27578f13a17b -> 
  custom:container-demuxer-webm: 4f35f7cbe854078d1ac9338744f61a02 -> 
  custom:video-encoder-webm-vp8: eb34c28f22e8b96e1ab97ce403110664 -> 
  custom:audio-encoder-webm-vorbis: bf7c407c2cedff20999df2af8eb42d56 -> 
  custom:framework-win-MediaFoundation: 216162199b28c13a410421893ffa2e32 -> 
  custom:container-demuxer-ogg: 62fdf1f143b41e24485cea50d1cbac27 -> 
  custom:video-decoder-webm-vp8: 9c59270c3fd7afecdb556c50c9e8de78 -> 
  custom:audio-decoder-ogg-vorbis: bf7c407c2cedff20999df2af8eb42d56 -> 
========================================================================
Received Prepare
Registering precompiled user dll's ...
Registered in 0.006569 seconds.
Begin MonoManager ReloadAssembly
Symbol file LoadedFromMemory doesn't match image C:\Users\user\Desktop\Unity-Class\Game Class\Library\PackageCache\com.unity.visualscripting@1.7.6\Editor\VisualScripting.Core\Dependencies\YamlDotNet\Unity.VisualScripting.YamlDotNet.dll
Symbol file LoadedFromMemory doesn't match image C:\Users\user\Desktop\Unity-Class\Game Class\Library\PackageCache\com.unity.visualscripting@1.7.6\Editor\VisualScripting.Core\Dependencies\DotNetZip\Unity.VisualScripting.IonicZip.dll
Native extension for WindowsStandalone target not found
Native extension for WebGL target not found
Refreshing native plugins compatible for Editor in 2.06 ms, found 3 plugins.
Preloading 0 native plugins for Editor in 0.00 ms.
Mono: successfully reloaded assembly
- Completed reload, in  3.945 seconds
Domain Reload Profiling:
	ReloadAssembly (3946ms)
		BeginReloadAssembly (215ms)
			ExecutionOrderSort (0ms)
			DisableScriptedObjects (11ms)
			BackupInstance (0ms)
			ReleaseScriptingObjects (0ms)
			CreateAndSetChildDomain (65ms)
		EndReloadAssembly (3566ms)
			LoadAssemblies (129ms)
			RebuildTransferFunctionScriptingTraits (0ms)
			SetupTypeCache (569ms)
			ReleaseScriptCaches (3ms)
			RebuildScriptCaches (403ms)
			SetupLoadedEditorAssemblies (1935ms)
				LogAssemblyErrors (0ms)
				InitializePlatformSupportModulesInManaged (110ms)
				SetLoadedEditorAssemblies (10ms)
				RefreshPlugins (4ms)
				BeforeProcessingInitializeOnLoad (431ms)
				ProcessInitializeOnLoadAttributes (1318ms)
				ProcessInitializeOnLoadMethodAttributes (52ms)
				AfterProcessingInitializeOnLoad (10ms)
				EditorAssembliesLoaded (0ms)
			ExecutionOrderSort2 (0ms)
			AwakeInstancesAfterBackupRestoration (13ms)
Platform modules already initialized, skipping
Refreshing native plugins compatible for Editor in 2.11 ms, found 3 plugins.
Preloading 0 native plugins for Editor in 0.00 ms.
Unloading 3564 Unused Serialized files (Serialized files now loaded: 0)
Unloading 21 unused Assets / (151.7 KB). Loaded Objects now: 4181.
Memory consumption went from 145.2 MB to 145.1 MB.
Total: 3.875300 ms (FindLiveObjects: 0.363100 ms CreateObjectMapping: 0.157000 ms MarkObjects: 3.158300 ms  DeleteObjects: 0.194400 ms)

AssetImportParameters requested are different than current active one (requested -> active):
  custom:video-decoder-ogg-theora: a1e56fd34408186e4bbccfd4996cb3dc -> 
  custom:container-muxer-webm: aa71ff27fc2769a1b78a27578f13a17b -> 
  custom:container-demuxer-webm: 4f35f7cbe854078d1ac9338744f61a02 -> 
  custom:video-encoder-webm-vp8: eb34c28f22e8b96e1ab97ce403110664 -> 
  custom:audio-encoder-webm-vorbis: bf7c407c2cedff20999df2af8eb42d56 -> 
  custom:framework-win-MediaFoundation: 216162199b28c13a410421893ffa2e32 -> 
  custom:container-demuxer-ogg: 62fdf1f143b41e24485cea50d1cbac27 -> 
  custom:video-decoder-webm-vp8: 9c59270c3fd7afecdb556c50c9e8de78 -> 
  custom:audio-decoder-ogg-vorbis: bf7c407c2cedff20999df2af8eb42d56 -> 
========================================================================
Received Prepare
Registering precompiled user dll's ...
Registered in 0.006398 seconds.
Begin MonoManager ReloadAssembly
Symbol file LoadedFromMemory doesn't match image C:\Users\user\Desktop\Unity-Class\Game Class\Library\PackageCache\com.unity.visualscripting@1.7.6\Editor\VisualScripting.Core\Dependencies\YamlDotNet\Unity.VisualScripting.YamlDotNet.dll
Symbol file LoadedFromMemory doesn't match image C:\Users\user\Desktop\Unity-Class\Game Class\Library\PackageCache\com.unity.visualscripting@1.7.6\Editor\VisualScripting.Core\Dependencies\DotNetZip\Unity.VisualScripting.IonicZip.dll
Native extension for WindowsStandalone target not found
Native extension for WebGL target not found
Refreshing native plugins compatible for Editor in 1.14 ms, found 3 plugins.
Preloading 0 native plugins for Editor in 0.00 ms.
Mono: successfully reloaded assembly
- Completed reload, in  3.742 seconds
Domain Reload Profiling:
	ReloadAssembly (3743ms)
		BeginReloadAssembly (192ms)
			ExecutionOrderSort (0ms)
			DisableScriptedObjects (5ms)
			BackupInstance (0ms)
			ReleaseScriptingObjects (0ms)
			CreateAndSetChildDomain (51ms)
		EndReloadAssembly (3390ms)
			LoadAssemblies (121ms)
			RebuildTransferFunctionScriptingTraits (0ms)
			SetupTypeCache (448ms)
			ReleaseScriptCaches (9ms)
			RebuildScriptCaches (365ms)
			SetupLoadedEditorAssemblies (2084ms)
				LogAssemblyErrors (0ms)
				InitializePlatformSupportModulesInManaged (119ms)
				SetLoadedEditorAssemblies (11ms)
				RefreshPlugins (1ms)
				BeforeProcessingInitializeOnLoad (382ms)
				ProcessInitializeOnLoadAttributes (1456ms)
				ProcessInitializeOnLoadMethodAttributes (100ms)
				AfterProcessingInitializeOnLoad (15ms)
				EditorAssembliesLoaded (1ms)
			ExecutionOrderSort2 (0ms)
			AwakeInstancesAfterBackupRestoration (11ms)
Platform modules already initialized, skipping
Refreshing native plugins compatible for Editor in 2.43 ms, found 3 plugins.
Preloading 0 native plugins for Editor in 0.00 ms.
Unloading 3564 Unused Serialized files (Serialized files now loaded: 0)
Unloading 21 unused Assets / (151.6 KB). Loaded Objects now: 4196.
Memory consumption went from 145.2 MB to 145.1 MB.
Total: 3.449800 ms (FindLiveObjects: 0.282000 ms CreateObjectMapping: 0.125500 ms MarkObjects: 2.849400 ms  DeleteObjects: 0.191000 ms)

AssetImportParameters requested are different than current active one (requested -> active):
  custom:video-decoder-ogg-theora: a1e56fd34408186e4bbccfd4996cb3dc -> 
  custom:container-muxer-webm: aa71ff27fc2769a1b78a27578f13a17b -> 
  custom:container-demuxer-webm: 4f35f7cbe854078d1ac9338744f61a02 -> 
  custom:video-encoder-webm-vp8: eb34c28f22e8b96e1ab97ce403110664 -> 
  custom:audio-encoder-webm-vorbis: bf7c407c2cedff20999df2af8eb42d56 -> 
  custom:framework-win-MediaFoundation: 216162199b28c13a410421893ffa2e32 -> 
  custom:container-demuxer-ogg: 62fdf1f143b41e24485cea50d1cbac27 -> 
  custom:video-decoder-webm-vp8: 9c59270c3fd7afecdb556c50c9e8de78 -> 
  custom:audio-decoder-ogg-vorbis: bf7c407c2cedff20999df2af8eb42d56 -> 
========================================================================
Received Prepare
Registering precompiled user dll's ...
Registered in 0.008452 seconds.
Begin MonoManager ReloadAssembly
Symbol file LoadedFromMemory doesn't match image C:\Users\user\Desktop\Unity-Class\Game Class\Library\PackageCache\com.unity.visualscripting@1.7.6\Editor\VisualScripting.Core\Dependencies\YamlDotNet\Unity.VisualScripting.YamlDotNet.dll
Symbol file LoadedFromMemory doesn't match image C:\Users\user\Desktop\Unity-Class\Game Class\Library\PackageCache\com.unity.visualscripting@1.7.6\Editor\VisualScripting.Core\Dependencies\DotNetZip\Unity.VisualScripting.IonicZip.dll
Native extension for WindowsStandalone target not found
Native extension for WebGL target not found
Refreshing native plugins compatible for Editor in 0.84 ms, found 3 plugins.
Preloading 0 native plugins for Editor in 0.00 ms.
Mono: successfully reloaded assembly
- Completed reload, in  1.589 seconds
Domain Reload Profiling:
	ReloadAssembly (1591ms)
		BeginReloadAssembly (277ms)
			ExecutionOrderSort (0ms)
			DisableScriptedObjects (12ms)
			BackupInstance (0ms)
			ReleaseScriptingObjects (0ms)
			CreateAndSetChildDomain (66ms)
		EndReloadAssembly (1095ms)
			LoadAssemblies (177ms)
			RebuildTransferFunctionScriptingTraits (0ms)
			SetupTypeCache (320ms)
			ReleaseScriptCaches (1ms)
			RebuildScriptCaches (51ms)
			SetupLoadedEditorAssemblies (552ms)
				LogAssemblyErrors (0ms)
				InitializePlatformSupportModulesInManaged (25ms)
				SetLoadedEditorAssemblies (1ms)
				RefreshPlugins (1ms)
				BeforeProcessingInitializeOnLoad (78ms)
				ProcessInitializeOnLoadAttributes (397ms)
				ProcessInitializeOnLoadMethodAttributes (43ms)
				AfterProcessingInitializeOnLoad (6ms)
				EditorAssembliesLoaded (0ms)
			ExecutionOrderSort2 (0ms)
			AwakeInstancesAfterBackupRestoration (8ms)
Platform modules already initialized, skipping
Refreshing native plugins compatible for Editor in 3.45 ms, found 3 plugins.
Preloading 0 native plugins for Editor in 0.00 ms.
Unloading 3564 Unused Serialized files (Serialized files now loaded: 0)
Unloading 21 unused Assets / (151.4 KB). Loaded Objects now: 4211.
Memory consumption went from 145.3 MB to 145.1 MB.
Total: 5.477000 ms (FindLiveObjects: 0.430600 ms CreateObjectMapping: 0.223400 ms MarkObjects: 4.520800 ms  DeleteObjects: 0.299600 ms)

AssetImportParameters requested are different than current active one (requested -> active):
  custom:video-decoder-ogg-theora: a1e56fd34408186e4bbccfd4996cb3dc -> 
  custom:container-muxer-webm: aa71ff27fc2769a1b78a27578f13a17b -> 
  custom:container-demuxer-webm: 4f35f7cbe854078d1ac9338744f61a02 -> 
  custom:video-encoder-webm-vp8: eb34c28f22e8b96e1ab97ce403110664 -> 
  custom:audio-encoder-webm-vorbis: bf7c407c2cedff20999df2af8eb42d56 -> 
  custom:framework-win-MediaFoundation: 216162199b28c13a410421893ffa2e32 -> 
  custom:container-demuxer-ogg: 62fdf1f143b41e24485cea50d1cbac27 -> 
  custom:video-decoder-webm-vp8: 9c59270c3fd7afecdb556c50c9e8de78 -> 
  custom:audio-decoder-ogg-vorbis: bf7c407c2cedff20999df2af8eb42d56 -> 
========================================================================
Received Prepare
Registering precompiled user dll's ...
Registered in 0.012253 seconds.
Begin MonoManager ReloadAssembly
Symbol file LoadedFromMemory doesn't match image C:\Users\user\Desktop\Unity-Class\Game Class\Library\PackageCache\com.unity.visualscripting@1.7.6\Editor\VisualScripting.Core\Dependencies\YamlDotNet\Unity.VisualScripting.YamlDotNet.dll
Symbol file LoadedFromMemory doesn't match image C:\Users\user\Desktop\Unity-Class\Game Class\Library\PackageCache\com.unity.visualscripting@1.7.6\Editor\VisualScripting.Core\Dependencies\DotNetZip\Unity.VisualScripting.IonicZip.dll
Native extension for WindowsStandalone target not found
Native extension for WebGL target not found
Refreshing native plugins compatible for Editor in 1.13 ms, found 3 plugins.
Preloading 0 native plugins for Editor in 0.00 ms.
Mono: successfully reloaded assembly
- Completed reload, in  3.115 seconds
Domain Reload Profiling:
	ReloadAssembly (3116ms)
		BeginReloadAssembly (210ms)
			ExecutionOrderSort (0ms)
			DisableScriptedObjects (11ms)
			BackupInstance (0ms)
			ReleaseScriptingObjects (0ms)
			CreateAndSetChildDomain (53ms)
		EndReloadAssembly (2741ms)
			LoadAssemblies (121ms)
			RebuildTransferFunctionScriptingTraits (0ms)
			SetupTypeCache (776ms)
			ReleaseScriptCaches (14ms)
			RebuildScriptCaches (234ms)
			SetupLoadedEditorAssemblies (1219ms)
				LogAssemblyErrors (0ms)
				InitializePlatformSupportModulesInManaged (99ms)
				SetLoadedEditorAssemblies (4ms)
				RefreshPlugins (1ms)
				BeforeProcessingInitializeOnLoad (350ms)
				ProcessInitializeOnLoadAttributes (706ms)
				ProcessInitializeOnLoadMethodAttributes (51ms)
				AfterProcessingInitializeOnLoad (8ms)
				EditorAssembliesLoaded (0ms)
			ExecutionOrderSort2 (0ms)
			AwakeInstancesAfterBackupRestoration (10ms)
Platform modules already initialized, skipping
Refreshing native plugins compatible for Editor in 2.42 ms, found 3 plugins.
Preloading 0 native plugins for Editor in 0.00 ms.
Unloading 3564 Unused Serialized files (Serialized files now loaded: 0)
Unloading 21 unused Assets / (151.5 KB). Loaded Objects now: 4226.
Memory consumption went from 145.3 MB to 145.1 MB.
Total: 4.317100 ms (FindLiveObjects: 0.360600 ms CreateObjectMapping: 0.124500 ms MarkObjects: 3.565500 ms  DeleteObjects: 0.264000 ms)

AssetImportParameters requested are different than current active one (requested -> active):
  custom:video-decoder-ogg-theora: a1e56fd34408186e4bbccfd4996cb3dc -> 
  custom:container-muxer-webm: aa71ff27fc2769a1b78a27578f13a17b -> 
  custom:container-demuxer-webm: 4f35f7cbe854078d1ac9338744f61a02 -> 
  custom:video-encoder-webm-vp8: eb34c28f22e8b96e1ab97ce403110664 -> 
  custom:audio-encoder-webm-vorbis: bf7c407c2cedff20999df2af8eb42d56 -> 
  custom:framework-win-MediaFoundation: 216162199b28c13a410421893ffa2e32 -> 
  custom:container-demuxer-ogg: 62fdf1f143b41e24485cea50d1cbac27 -> 
  custom:video-decoder-webm-vp8: 9c59270c3fd7afecdb556c50c9e8de78 -> 
  custom:audio-decoder-ogg-vorbis: bf7c407c2cedff20999df2af8eb42d56 -> 
========================================================================
Received Prepare
Registering precompiled user dll's ...
Registered in 0.007799 seconds.
Begin MonoManager ReloadAssembly
Symbol file LoadedFromMemory doesn't match image C:\Users\user\Desktop\Unity-Class\Game Class\Library\PackageCache\com.unity.visualscripting@1.7.6\Editor\VisualScripting.Core\Dependencies\YamlDotNet\Unity.VisualScripting.YamlDotNet.dll
Symbol file LoadedFromMemory doesn't match image C:\Users\user\Desktop\Unity-Class\Game Class\Library\PackageCache\com.unity.visualscripting@1.7.6\Editor\VisualScripting.Core\Dependencies\DotNetZip\Unity.VisualScripting.IonicZip.dll
Native extension for WindowsStandalone target not found
Native extension for WebGL target not found
Refreshing native plugins compatible for Editor in 1.07 ms, found 3 plugins.
Preloading 0 native plugins for Editor in 0.00 ms.
Mono: successfully reloaded assembly
- Completed reload, in  2.324 seconds
Domain Reload Profiling:
	ReloadAssembly (2326ms)
		BeginReloadAssembly (319ms)
			ExecutionOrderSort (0ms)
			DisableScriptedObjects (10ms)
			BackupInstance (0ms)
			ReleaseScriptingObjects (0ms)
			CreateAndSetChildDomain (71ms)
		EndReloadAssembly (1820ms)
			LoadAssemblies (162ms)
			RebuildTransferFunctionScriptingTraits (0ms)
			SetupTypeCache (584ms)
			ReleaseScriptCaches (2ms)
			RebuildScriptCaches (132ms)
			SetupLoadedEditorAssemblies (795ms)
				LogAssemblyErrors (0ms)
				InitializePlatformSupportModulesInManaged (33ms)
				SetLoadedEditorAssemblies (1ms)
				RefreshPlugins (1ms)
				BeforeProcessingInitializeOnLoad (171ms)
				ProcessInitializeOnLoadAttributes (525ms)
				ProcessInitializeOnLoadMethodAttributes (54ms)
				AfterProcessingInitializeOnLoad (9ms)
				EditorAssembliesLoaded (0ms)
			ExecutionOrderSort2 (0ms)
			AwakeInstancesAfterBackupRestoration (12ms)
Platform modules already initialized, skipping
Refreshing native plugins compatible for Editor in 2.84 ms, found 3 plugins.
Preloading 0 native plugins for Editor in 0.00 ms.
Unloading 3564 Unused Serialized files (Serialized files now loaded: 0)
Unloading 21 unused Assets / (151.5 KB). Loaded Objects now: 4241.
Memory consumption went from 145.3 MB to 145.1 MB.
Total: 4.820600 ms (FindLiveObjects: 0.376900 ms CreateObjectMapping: 0.235100 ms MarkObjects: 4.042300 ms  DeleteObjects: 0.163900 ms)

AssetImportParameters requested are different than current active one (requested -> active):
  custom:video-decoder-ogg-theora: a1e56fd34408186e4bbccfd4996cb3dc -> 
  custom:container-muxer-webm: aa71ff27fc2769a1b78a27578f13a17b -> 
  custom:container-demuxer-webm: 4f35f7cbe854078d1ac9338744f61a02 -> 
  custom:video-encoder-webm-vp8: eb34c28f22e8b96e1ab97ce403110664 -> 
  custom:audio-encoder-webm-vorbis: bf7c407c2cedff20999df2af8eb42d56 -> 
  custom:framework-win-MediaFoundation: 216162199b28c13a410421893ffa2e32 -> 
  custom:container-demuxer-ogg: 62fdf1f143b41e24485cea50d1cbac27 -> 
  custom:video-decoder-webm-vp8: 9c59270c3fd7afecdb556c50c9e8de78 -> 
  custom:audio-decoder-ogg-vorbis: bf7c407c2cedff20999df2af8eb42d56 -> 
========================================================================
Received Prepare
Registering precompiled user dll's ...
Registered in 0.007045 seconds.
Begin MonoManager ReloadAssembly
Symbol file LoadedFromMemory doesn't match image C:\Users\user\Desktop\Unity-Class\Game Class\Library\PackageCache\com.unity.visualscripting@1.7.6\Editor\VisualScripting.Core\Dependencies\YamlDotNet\Unity.VisualScripting.YamlDotNet.dll
Symbol file LoadedFromMemory doesn't match image C:\Users\user\Desktop\Unity-Class\Game Class\Library\PackageCache\com.unity.visualscripting@1.7.6\Editor\VisualScripting.Core\Dependencies\DotNetZip\Unity.VisualScripting.IonicZip.dll
Native extension for WindowsStandalone target not found
Native extension for WebGL target not found
Refreshing native plugins compatible for Editor in 1.04 ms, found 3 plugins.
Preloading 0 native plugins for Editor in 0.00 ms.
Mono: successfully reloaded assembly
- Completed reload, in  4.041 seconds
Domain Reload Profiling:
	ReloadAssembly (4042ms)
		BeginReloadAssembly (217ms)
			ExecutionOrderSort (0ms)
			DisableScriptedObjects (6ms)
			BackupInstance (0ms)
			ReleaseScriptingObjects (0ms)
			CreateAndSetChildDomain (57ms)
		EndReloadAssembly (3654ms)
			LoadAssemblies (136ms)
			RebuildTransferFunctionScriptingTraits (0ms)
			SetupTypeCache (664ms)
			ReleaseScriptCaches (5ms)
			RebuildScriptCaches (292ms)
			SetupLoadedEditorAssemblies (2218ms)
				LogAssemblyErrors (0ms)
				InitializePlatformSupportModulesInManaged (75ms)
				SetLoadedEditorAssemblies (1ms)
				RefreshPlugins (1ms)
				BeforeProcessingInitializeOnLoad (325ms)
				ProcessInitializeOnLoadAttributes (1609ms)
				ProcessInitializeOnLoadMethodAttributes (190ms)
				AfterProcessingInitializeOnLoad (16ms)
				EditorAssembliesLoaded (0ms)
			ExecutionOrderSort2 (0ms)
			AwakeInstancesAfterBackupRestoration (19ms)
Platform modules already initialized, skipping
Refreshing native plugins compatible for Editor in 13.59 ms, found 3 plugins.
Preloading 0 native plugins for Editor in 0.00 ms.
Unloading 3564 Unused Serialized files (Serialized files now loaded: 0)
Unloading 21 unused Assets / (151.5 KB). Loaded Objects now: 4256.
Memory consumption went from 145.3 MB to 145.2 MB.
Total: 7.353000 ms (FindLiveObjects: 0.576200 ms CreateObjectMapping: 2.158000 ms MarkObjects: 4.360200 ms  DeleteObjects: 0.256100 ms)

AssetImportParameters requested are different than current active one (requested -> active):
  custom:video-decoder-ogg-theora: a1e56fd34408186e4bbccfd4996cb3dc -> 
  custom:container-muxer-webm: aa71ff27fc2769a1b78a27578f13a17b -> 
  custom:container-demuxer-webm: 4f35f7cbe854078d1ac9338744f61a02 -> 
  custom:video-encoder-webm-vp8: eb34c28f22e8b96e1ab97ce403110664 -> 
  custom:audio-encoder-webm-vorbis: bf7c407c2cedff20999df2af8eb42d56 -> 
  custom:framework-win-MediaFoundation: 216162199b28c13a410421893ffa2e32 -> 
  custom:container-demuxer-ogg: 62fdf1f143b41e24485cea50d1cbac27 -> 
  custom:video-decoder-webm-vp8: 9c59270c3fd7afecdb556c50c9e8de78 -> 
  custom:audio-decoder-ogg-vorbis: bf7c407c2cedff20999df2af8eb42d56 -> 
========================================================================
Received Prepare
Registering precompiled user dll's ...
Registered in 0.011646 seconds.
Begin MonoManager ReloadAssembly
Symbol file LoadedFromMemory doesn't match image C:\Users\user\Desktop\Unity-Class\Game Class\Library\PackageCache\com.unity.visualscripting@1.7.6\Editor\VisualScripting.Core\Dependencies\YamlDotNet\Unity.VisualScripting.YamlDotNet.dll
Symbol file LoadedFromMemory doesn't match image C:\Users\user\Desktop\Unity-Class\Game Class\Library\PackageCache\com.unity.visualscripting@1.7.6\Editor\VisualScripting.Core\Dependencies\DotNetZip\Unity.VisualScripting.IonicZip.dll
Native extension for WindowsStandalone target not found
Native extension for WebGL target not found
Refreshing native plugins compatible for Editor in 0.94 ms, found 3 plugins.
Preloading 0 native plugins for Editor in 0.00 ms.
Mono: successfully reloaded assembly
- Completed reload, in  3.099 seconds
Domain Reload Profiling:
	ReloadAssembly (3100ms)
		BeginReloadAssembly (279ms)
			ExecutionOrderSort (0ms)
			DisableScriptedObjects (8ms)
			BackupInstance (0ms)
			ReleaseScriptingObjects (0ms)
			CreateAndSetChildDomain (73ms)
		EndReloadAssembly (2632ms)
			LoadAssemblies (135ms)
			RebuildTransferFunctionScriptingTraits (0ms)
			SetupTypeCache (987ms)
			ReleaseScriptCaches (7ms)
			RebuildScriptCaches (266ms)
			SetupLoadedEditorAssemblies (917ms)
				LogAssemblyErrors (0ms)
				InitializePlatformSupportModulesInManaged (38ms)
				SetLoadedEditorAssemblies (1ms)
				RefreshPlugins (1ms)
				BeforeProcessingInitializeOnLoad (235ms)
				ProcessInitializeOnLoadAttributes (594ms)
				ProcessInitializeOnLoadMethodAttributes (41ms)
				AfterProcessingInitializeOnLoad (7ms)
				EditorAssembliesLoaded (0ms)
			ExecutionOrderSort2 (0ms)
			AwakeInstancesAfterBackupRestoration (9ms)
Platform modules already initialized, skipping
Refreshing native plugins compatible for Editor in 1.93 ms, found 3 plugins.
Preloading 0 native plugins for Editor in 0.00 ms.
Unloading 3564 Unused Serialized files (Serialized files now loaded: 0)
Unloading 21 unused Assets / (151.5 KB). Loaded Objects now: 4271.
Memory consumption went from 145.3 MB to 145.2 MB.
Total: 3.820800 ms (FindLiveObjects: 0.298500 ms CreateObjectMapping: 0.140400 ms MarkObjects: 3.215600 ms  DeleteObjects: 0.164100 ms)

AssetImportParameters requested are different than current active one (requested -> active):
  custom:video-decoder-ogg-theora: a1e56fd34408186e4bbccfd4996cb3dc -> 
  custom:container-muxer-webm: aa71ff27fc2769a1b78a27578f13a17b -> 
  custom:container-demuxer-webm: 4f35f7cbe854078d1ac9338744f61a02 -> 
  custom:video-encoder-webm-vp8: eb34c28f22e8b96e1ab97ce403110664 -> 
  custom:audio-encoder-webm-vorbis: bf7c407c2cedff20999df2af8eb42d56 -> 
  custom:framework-win-MediaFoundation: 216162199b28c13a410421893ffa2e32 -> 
  custom:container-demuxer-ogg: 62fdf1f143b41e24485cea50d1cbac27 -> 
  custom:video-decoder-webm-vp8: 9c59270c3fd7afecdb556c50c9e8de78 -> 
  custom:audio-decoder-ogg-vorbis: bf7c407c2cedff20999df2af8eb42d56 -> 
========================================================================
Received Prepare
Registering precompiled user dll's ...
Registered in 0.005532 seconds.
Begin MonoManager ReloadAssembly
Symbol file LoadedFromMemory doesn't match image C:\Users\user\Desktop\Unity-Class\Game Class\Library\PackageCache\com.unity.visualscripting@1.7.6\Editor\VisualScripting.Core\Dependencies\YamlDotNet\Unity.VisualScripting.YamlDotNet.dll
Symbol file LoadedFromMemory doesn't match image C:\Users\user\Desktop\Unity-Class\Game Class\Library\PackageCache\com.unity.visualscripting@1.7.6\Editor\VisualScripting.Core\Dependencies\DotNetZip\Unity.VisualScripting.IonicZip.dll
Native extension for WindowsStandalone target not found
Native extension for WebGL target not found
Refreshing native plugins compatible for Editor in 6.09 ms, found 3 plugins.
Preloading 0 native plugins for Editor in 0.00 ms.
Mono: successfully reloaded assembly
- Completed reload, in  2.706 seconds
Domain Reload Profiling:
	ReloadAssembly (2711ms)
		BeginReloadAssembly (203ms)
			ExecutionOrderSort (0ms)
			DisableScriptedObjects (8ms)
			BackupInstance (0ms)
			ReleaseScriptingObjects (0ms)
			CreateAndSetChildDomain (60ms)
		EndReloadAssembly (2352ms)
			LoadAssemblies (124ms)
			RebuildTransferFunctionScriptingTraits (0ms)
			SetupTypeCache (620ms)
			ReleaseScriptCaches (11ms)
			RebuildScriptCaches (304ms)
			SetupLoadedEditorAssemblies (767ms)
				LogAssemblyErrors (0ms)
				InitializePlatformSupportModulesInManaged (86ms)
				SetLoadedEditorAssemblies (5ms)
				RefreshPlugins (6ms)
				BeforeProcessingInitializeOnLoad (152ms)
				ProcessInitializeOnLoadAttributes (468ms)
				ProcessInitializeOnLoadMethodAttributes (42ms)
				AfterProcessingInitializeOnLoad (7ms)
				EditorAssembliesLoaded (0ms)
			ExecutionOrderSort2 (0ms)
			AwakeInstancesAfterBackupRestoration (10ms)
Platform modules already initialized, skipping
Refreshing native plugins compatible for Editor in 3.13 ms, found 3 plugins.
Preloading 0 native plugins for Editor in 0.00 ms.
Unloading 3564 Unused Serialized files (Serialized files now loaded: 0)
Unloading 21 unused Assets / (151.7 KB). Loaded Objects now: 4286.
Memory consumption went from 145.3 MB to 145.2 MB.
Total: 3.832500 ms (FindLiveObjects: 0.408800 ms CreateObjectMapping: 0.256700 ms MarkObjects: 3.016500 ms  DeleteObjects: 0.149000 ms)

AssetImportParameters requested are different than current active one (requested -> active):
  custom:video-decoder-ogg-theora: a1e56fd34408186e4bbccfd4996cb3dc -> 
  custom:container-muxer-webm: aa71ff27fc2769a1b78a27578f13a17b -> 
  custom:container-demuxer-webm: 4f35f7cbe854078d1ac9338744f61a02 -> 
  custom:video-encoder-webm-vp8: eb34c28f22e8b96e1ab97ce403110664 -> 
  custom:audio-encoder-webm-vorbis: bf7c407c2cedff20999df2af8eb42d56 -> 
  custom:framework-win-MediaFoundation: 216162199b28c13a410421893ffa2e32 -> 
  custom:container-demuxer-ogg: 62fdf1f143b41e24485cea50d1cbac27 -> 
  custom:video-decoder-webm-vp8: 9c59270c3fd7afecdb556c50c9e8de78 -> 
  custom:audio-decoder-ogg-vorbis: bf7c407c2cedff20999df2af8eb42d56 -> 
========================================================================
Received Prepare
Registering precompiled user dll's ...
Registered in 0.006920 seconds.
Begin MonoManager ReloadAssembly
Symbol file LoadedFromMemory doesn't match image C:\Users\user\Desktop\Unity-Class\Game Class\Library\PackageCache\com.unity.visualscripting@1.7.6\Editor\VisualScripting.Core\Dependencies\YamlDotNet\Unity.VisualScripting.YamlDotNet.dll
Symbol file LoadedFromMemory doesn't match image C:\Users\user\Desktop\Unity-Class\Game Class\Library\PackageCache\com.unity.visualscripting@1.7.6\Editor\VisualScripting.Core\Dependencies\DotNetZip\Unity.VisualScripting.IonicZip.dll
Native extension for WindowsStandalone target not found
Native extension for WebGL target not found
Refreshing native plugins compatible for Editor in 0.88 ms, found 3 plugins.
Preloading 0 native plugins for Editor in 0.00 ms.
Mono: successfully reloaded assembly
- Completed reload, in  1.689 seconds
Domain Reload Profiling:
	ReloadAssembly (1690ms)
		BeginReloadAssembly (252ms)
			ExecutionOrderSort (0ms)
			DisableScriptedObjects (22ms)
			BackupInstance (0ms)
			ReleaseScriptingObjects (0ms)
			CreateAndSetChildDomain (66ms)
		EndReloadAssembly (1269ms)
			LoadAssemblies (157ms)
			RebuildTransferFunctionScriptingTraits (0ms)
			SetupTypeCache (415ms)
			ReleaseScriptCaches (2ms)
			RebuildScriptCaches (67ms)
			SetupLoadedEditorAssemblies (591ms)
				LogAssemblyErrors (0ms)
				InitializePlatformSupportModulesInManaged (24ms)
				SetLoadedEditorAssemblies (1ms)
				RefreshPlugins (1ms)
				BeforeProcessingInitializeOnLoad (101ms)
				ProcessInitializeOnLoadAttributes (422ms)
				ProcessInitializeOnLoadMethodAttributes (34ms)
				AfterProcessingInitializeOnLoad (7ms)
				EditorAssembliesLoaded (0ms)
			ExecutionOrderSort2 (0ms)
			AwakeInstancesAfterBackupRestoration (7ms)
Platform modules already initialized, skipping
Refreshing native plugins compatible for Editor in 1.99 ms, found 3 plugins.
Preloading 0 native plugins for Editor in 0.00 ms.
Unloading 3564 Unused Serialized files (Serialized files now loaded: 0)
Unloading 21 unused Assets / (151.5 KB). Loaded Objects now: 4301.
Memory consumption went from 145.4 MB to 145.2 MB.
Total: 3.703000 ms (FindLiveObjects: 0.309100 ms CreateObjectMapping: 0.133300 ms MarkObjects: 3.089900 ms  DeleteObjects: 0.168300 ms)

AssetImportParameters requested are different than current active one (requested -> active):
  custom:video-decoder-ogg-theora: a1e56fd34408186e4bbccfd4996cb3dc -> 
  custom:container-muxer-webm: aa71ff27fc2769a1b78a27578f13a17b -> 
  custom:container-demuxer-webm: 4f35f7cbe854078d1ac9338744f61a02 -> 
  custom:video-encoder-webm-vp8: eb34c28f22e8b96e1ab97ce403110664 -> 
  custom:audio-encoder-webm-vorbis: bf7c407c2cedff20999df2af8eb42d56 -> 
  custom:framework-win-MediaFoundation: 216162199b28c13a410421893ffa2e32 -> 
  custom:container-demuxer-ogg: 62fdf1f143b41e24485cea50d1cbac27 -> 
  custom:video-decoder-webm-vp8: 9c59270c3fd7afecdb556c50c9e8de78 -> 
  custom:audio-decoder-ogg-vorbis: bf7c407c2cedff20999df2af8eb42d56 -> 
========================================================================
Received Prepare
Registering precompiled user dll's ...
Registered in 0.007820 seconds.
Begin MonoManager ReloadAssembly
Symbol file LoadedFromMemory doesn't match image C:\Users\user\Desktop\Unity-Class\Game Class\Library\PackageCache\com.unity.visualscripting@1.7.6\Editor\VisualScripting.Core\Dependencies\YamlDotNet\Unity.VisualScripting.YamlDotNet.dll
Symbol file LoadedFromMemory doesn't match image C:\Users\user\Desktop\Unity-Class\Game Class\Library\PackageCache\com.unity.visualscripting@1.7.6\Editor\VisualScripting.Core\Dependencies\DotNetZip\Unity.VisualScripting.IonicZip.dll
Native extension for WindowsStandalone target not found
Native extension for WebGL target not found
Refreshing native plugins compatible for Editor in 3.62 ms, found 3 plugins.
Preloading 0 native plugins for Editor in 0.00 ms.
Mono: successfully reloaded assembly
- Completed reload, in  2.517 seconds
Domain Reload Profiling:
	ReloadAssembly (2518ms)
		BeginReloadAssembly (191ms)
			ExecutionOrderSort (0ms)
			DisableScriptedObjects (8ms)
			BackupInstance (0ms)
			ReleaseScriptingObjects (0ms)
			CreateAndSetChildDomain (45ms)
		EndReloadAssembly (2166ms)
			LoadAssemblies (133ms)
			RebuildTransferFunctionScriptingTraits (0ms)
			SetupTypeCache (390ms)
			ReleaseScriptCaches (4ms)
			RebuildScriptCaches (225ms)
			SetupLoadedEditorAssemblies (1164ms)
				LogAssemblyErrors (0ms)
				InitializePlatformSupportModulesInManaged (87ms)
				SetLoadedEditorAssemblies (1ms)
				RefreshPlugins (4ms)
				BeforeProcessingInitializeOnLoad (316ms)
				ProcessInitializeOnLoadAttributes (692ms)
				ProcessInitializeOnLoadMethodAttributes (53ms)
				AfterProcessingInitializeOnLoad (10ms)
				EditorAssembliesLoaded (0ms)
			ExecutionOrderSort2 (0ms)
			AwakeInstancesAfterBackupRestoration (10ms)
Platform modules already initialized, skipping
Refreshing native plugins compatible for Editor in 2.66 ms, found 3 plugins.
Preloading 0 native plugins for Editor in 0.00 ms.
Unloading 3564 Unused Serialized files (Serialized files now loaded: 0)
Unloading 21 unused Assets / (151.5 KB). Loaded Objects now: 4316.
Memory consumption went from 145.4 MB to 145.2 MB.
Total: 3.850400 ms (FindLiveObjects: 0.407800 ms CreateObjectMapping: 0.239900 ms MarkObjects: 3.034900 ms  DeleteObjects: 0.166000 ms)

AssetImportParameters requested are different than current active one (requested -> active):
  custom:video-decoder-ogg-theora: a1e56fd34408186e4bbccfd4996cb3dc -> 
  custom:container-muxer-webm: aa71ff27fc2769a1b78a27578f13a17b -> 
  custom:container-demuxer-webm: 4f35f7cbe854078d1ac9338744f61a02 -> 
  custom:video-encoder-webm-vp8: eb34c28f22e8b96e1ab97ce403110664 -> 
  custom:audio-encoder-webm-vorbis: bf7c407c2cedff20999df2af8eb42d56 -> 
  custom:framework-win-MediaFoundation: 216162199b28c13a410421893ffa2e32 -> 
  custom:container-demuxer-ogg: 62fdf1f143b41e24485cea50d1cbac27 -> 
  custom:video-decoder-webm-vp8: 9c59270c3fd7afecdb556c50c9e8de78 -> 
  custom:audio-decoder-ogg-vorbis: bf7c407c2cedff20999df2af8eb42d56 -> 
